Performing C SOURCE FILE Test CMAKE_HAVE_LIBC_PTHREAD failed with the following output:
Change Dir: /home/zzwa/sjtu/slam_legion/ch6/build/CMakeFiles/CMakeScratch/TryCompile-p2iU8G

Run Build Command(s):/usr/bin/make -f Makefile cmTC_88765/fast && /usr/bin/make  -f CMakeFiles/cmTC_88765.dir/build.make CMakeFiles/cmTC_88765.dir/build
make[1]: 进入目录“/home/zzwa/sjtu/slam_legion/ch6/build/CMakeFiles/CMakeScratch/TryCompile-p2iU8G”
Building C object CMakeFiles/cmTC_88765.dir/src.c.o
/usr/bin/cc -DCMAKE_HAVE_LIBC_PTHREAD   -o CMakeFiles/cmTC_88765.dir/src.c.o -c /home/zzwa/sjtu/slam_legion/ch6/build/CMakeFiles/CMakeScratch/TryCompile-p2iU8G/src.c
Linking C executable cmTC_88765
/usr/local/bin/cmake -E cmake_link_script CMakeFiles/cmTC_88765.dir/link.txt --verbose=1
/usr/bin/cc -rdynamic CMakeFiles/cmTC_88765.dir/src.c.o -o cmTC_88765 
CMakeFiles/cmTC_88765.dir/src.c.o：在函数‘main’中：
src.c:(.text+0x3e)：对‘pthread_create’未定义的引用
src.c:(.text+0x4a)：对‘pthread_detach’未定义的引用
src.c:(.text+0x56)：对‘pthread_cancel’未定义的引用
src.c:(.text+0x67)：对‘pthread_join’未定义的引用
src.c:(.text+0x7b)：对‘pthread_atfork’未定义的引用
collect2: error: ld returned 1 exit status
CMakeFiles/cmTC_88765.dir/build.make:98: recipe for target 'cmTC_88765' failed
make[1]: *** [cmTC_88765] Error 1
make[1]: 离开目录“/home/zzwa/sjtu/slam_legion/ch6/build/CMakeFiles/CMakeScratch/TryCompile-p2iU8G”
Makefile:127: recipe for target 'cmTC_88765/fast' failed
make: *** [cmTC_88765/fast] Error 2


Source file was:
#include <pthread.h>

static void* test_func(void* data)
{
  return data;
}

int main(void)
{
  pthread_t thread;
  pthread_create(&thread, NULL, test_func, NULL);
  pthread_detach(thread);
  pthread_cancel(thread);
  pthread_join(thread, NULL);
  pthread_atfork(NULL, NULL, NULL);
  pthread_exit(NULL);

  return 0;
}


Determining if the function pthread_create exists in the pthreads failed with the following output:
Change Dir: /home/zzwa/sjtu/slam_legion/ch6/build/CMakeFiles/CMakeScratch/TryCompile-2OaR0R

Run Build Command(s):/usr/bin/make -f Makefile cmTC_c00be/fast && /usr/bin/make  -f CMakeFiles/cmTC_c00be.dir/build.make CMakeFiles/cmTC_c00be.dir/build
make[1]: 进入目录“/home/zzwa/sjtu/slam_legion/ch6/build/CMakeFiles/CMakeScratch/TryCompile-2OaR0R”
Building C object CMakeFiles/cmTC_c00be.dir/CheckFunctionExists.c.o
/usr/bin/cc   -DCHECK_FUNCTION_EXISTS=pthread_create -o CMakeFiles/cmTC_c00be.dir/CheckFunctionExists.c.o -c /home/zzwa/sjtu/slam_legion/ch6/build/CMakeFiles/CMakeScratch/TryCompile-2OaR0R/CheckFunctionExists.c
Linking C executable cmTC_c00be
/usr/local/bin/cmake -E cmake_link_script CMakeFiles/cmTC_c00be.dir/link.txt --verbose=1
/usr/bin/cc  -DCHECK_FUNCTION_EXISTS=pthread_create -rdynamic CMakeFiles/cmTC_c00be.dir/CheckFunctionExists.c.o -o cmTC_c00be  -lpthreads 
/usr/bin/ld: 找不到 -lpthreads
collect2: error: ld returned 1 exit status
CMakeFiles/cmTC_c00be.dir/build.make:98: recipe for target 'cmTC_c00be' failed
make[1]: *** [cmTC_c00be] Error 1
make[1]: 离开目录“/home/zzwa/sjtu/slam_legion/ch6/build/CMakeFiles/CMakeScratch/TryCompile-2OaR0R”
Makefile:127: recipe for target 'cmTC_c00be/fast' failed
make: *** [cmTC_c00be/fast] Error 2



Determining if the function sgemm_ exists failed with the following output:
Change Dir: /home/zzwa/sjtu/slam_legion/ch6/build/CMakeFiles/CMakeScratch/TryCompile-iw4Y7d

Run Build Command(s):/usr/bin/make -f Makefile cmTC_3e8f1/fast && /usr/bin/make  -f CMakeFiles/cmTC_3e8f1.dir/build.make CMakeFiles/cmTC_3e8f1.dir/build
make[1]: 进入目录“/home/zzwa/sjtu/slam_legion/ch6/build/CMakeFiles/CMakeScratch/TryCompile-iw4Y7d”
Building C object CMakeFiles/cmTC_3e8f1.dir/CheckFunctionExists.c.o
/usr/bin/cc   -DCHECK_FUNCTION_EXISTS=sgemm_ -o CMakeFiles/cmTC_3e8f1.dir/CheckFunctionExists.c.o -c /home/zzwa/sjtu/slam_legion/ch6/build/CMakeFiles/CMakeScratch/TryCompile-iw4Y7d/CheckFunctionExists.c
Linking C executable cmTC_3e8f1
/usr/local/bin/cmake -E cmake_link_script CMakeFiles/cmTC_3e8f1.dir/link.txt --verbose=1
/usr/bin/cc  -DCHECK_FUNCTION_EXISTS=sgemm_ -rdynamic CMakeFiles/cmTC_3e8f1.dir/CheckFunctionExists.c.o -o cmTC_3e8f1 
CMakeFiles/cmTC_3e8f1.dir/CheckFunctionExists.c.o：在函数‘main’中：
CheckFunctionExists.c:(.text+0x10)：对‘sgemm_’未定义的引用
collect2: error: ld returned 1 exit status
CMakeFiles/cmTC_3e8f1.dir/build.make:98: recipe for target 'cmTC_3e8f1' failed
make[1]: *** [cmTC_3e8f1] Error 1
make[1]: 离开目录“/home/zzwa/sjtu/slam_legion/ch6/build/CMakeFiles/CMakeScratch/TryCompile-iw4Y7d”
Makefile:127: recipe for target 'cmTC_3e8f1/fast' failed
make: *** [cmTC_3e8f1/fast] Error 2



Determining if the function cheev_ exists failed with the following output:
Change Dir: /home/zzwa/sjtu/slam_legion/ch6/build/CMakeFiles/CMakeScratch/TryCompile-SqCS1A

Run Build Command(s):/usr/bin/make -f Makefile cmTC_be363/fast && /usr/bin/make  -f CMakeFiles/cmTC_be363.dir/build.make CMakeFiles/cmTC_be363.dir/build
make[1]: 进入目录“/home/zzwa/sjtu/slam_legion/ch6/build/CMakeFiles/CMakeScratch/TryCompile-SqCS1A”
Building C object CMakeFiles/cmTC_be363.dir/CheckFunctionExists.c.o
/usr/bin/cc   -DCHECK_FUNCTION_EXISTS=cheev_ -o CMakeFiles/cmTC_be363.dir/CheckFunctionExists.c.o -c /home/zzwa/sjtu/slam_legion/ch6/build/CMakeFiles/CMakeScratch/TryCompile-SqCS1A/CheckFunctionExists.c
Linking C executable cmTC_be363
/usr/local/bin/cmake -E cmake_link_script CMakeFiles/cmTC_be363.dir/link.txt --verbose=1
/usr/bin/cc  -DCHECK_FUNCTION_EXISTS=cheev_ -rdynamic CMakeFiles/cmTC_be363.dir/CheckFunctionExists.c.o -o cmTC_be363  /usr/lib/x86_64-linux-gnu/libblas.so /usr/lib/x86_64-linux-gnu/libf77blas.so /usr/lib/x86_64-linux-gnu/libatlas.so -lpthread -lm -ldl 
CMakeFiles/cmTC_be363.dir/CheckFunctionExists.c.o：在函数‘main’中：
CheckFunctionExists.c:(.text+0x10)：对‘cheev_’未定义的引用
collect2: error: ld returned 1 exit status
CMakeFiles/cmTC_be363.dir/build.make:101: recipe for target 'cmTC_be363' failed
make[1]: *** [cmTC_be363] Error 1
make[1]: 离开目录“/home/zzwa/sjtu/slam_legion/ch6/build/CMakeFiles/CMakeScratch/TryCompile-SqCS1A”
Makefile:127: recipe for target 'cmTC_be363/fast' failed
make: *** [cmTC_be363/fast] Error 2



