Determining if the pthread_create exist failed with the following output:
Change Dir: /home/zzwa/sjtu/slam_legion/ch4/example/build/CMakeFiles/CMakeTmp

Run Build Command:"/usr/bin/make" "cmTC_b577c/fast"
/usr/bin/make -f CMakeFiles/cmTC_b577c.dir/build.make CMakeFiles/cmTC_b577c.dir/build
make[1]: 进入目录“/home/zzwa/sjtu/slam_legion/ch4/example/build/CMakeFiles/CMakeTmp”
Building C object CMakeFiles/cmTC_b577c.dir/CheckSymbolExists.c.o
/usr/bin/cc    -o CMakeFiles/cmTC_b577c.dir/CheckSymbolExists.c.o   -c /home/zzwa/sjtu/slam_legion/ch4/example/build/CMakeFiles/CMakeTmp/CheckSymbolExists.c
Linking C executable cmTC_b577c
/usr/bin/cmake -E cmake_link_script CMakeFiles/cmTC_b577c.dir/link.txt --verbose=1
/usr/bin/cc      -rdynamic CMakeFiles/cmTC_b577c.dir/CheckSymbolExists.c.o  -o cmTC_b577c 
CMakeFiles/cmTC_b577c.dir/CheckSymbolExists.c.o：在函数‘main’中：
CheckSymbolExists.c:(.text+0x1b)：对‘pthread_create’未定义的引用
collect2: error: ld returned 1 exit status
CMakeFiles/cmTC_b577c.dir/build.make:97: recipe for target 'cmTC_b577c' failed
make[1]: *** [cmTC_b577c] Error 1
make[1]: 离开目录“/home/zzwa/sjtu/slam_legion/ch4/example/build/CMakeFiles/CMakeTmp”
Makefile:126: recipe for target 'cmTC_b577c/fast' failed
make: *** [cmTC_b577c/fast] Error 2

File /home/zzwa/sjtu/slam_legion/ch4/example/build/CMakeFiles/CMakeTmp/CheckSymbolExists.c:
/* */
#include <pthread.h>

int main(int argc, char** argv)
{
  (void)argv;
#ifndef pthread_create
  return ((int*)(&pthread_create))[argc];
#else
  (void)argc;
  return 0;
#endif
}

Determining if the function pthread_create exists in the pthreads failed with the following output:
Change Dir: /home/zzwa/sjtu/slam_legion/ch4/example/build/CMakeFiles/CMakeTmp

Run Build Command:"/usr/bin/make" "cmTC_2badb/fast"
/usr/bin/make -f CMakeFiles/cmTC_2badb.dir/build.make CMakeFiles/cmTC_2badb.dir/build
make[1]: 进入目录“/home/zzwa/sjtu/slam_legion/ch4/example/build/CMakeFiles/CMakeTmp”
Building C object CMakeFiles/cmTC_2badb.dir/CheckFunctionExists.c.o
/usr/bin/cc   -DCHECK_FUNCTION_EXISTS=pthread_create   -o CMakeFiles/cmTC_2badb.dir/CheckFunctionExists.c.o   -c /usr/share/cmake-3.10/Modules/CheckFunctionExists.c
Linking C executable cmTC_2badb
/usr/bin/cmake -E cmake_link_script CMakeFiles/cmTC_2badb.dir/link.txt --verbose=1
/usr/bin/cc  -DCHECK_FUNCTION_EXISTS=pthread_create    -rdynamic CMakeFiles/cmTC_2badb.dir/CheckFunctionExists.c.o  -o cmTC_2badb -lpthreads 
/usr/bin/ld: 找不到 -lpthreads
collect2: error: ld returned 1 exit status
CMakeFiles/cmTC_2badb.dir/build.make:97: recipe for target 'cmTC_2badb' failed
make[1]: *** [cmTC_2badb] Error 1
make[1]: 离开目录“/home/zzwa/sjtu/slam_legion/ch4/example/build/CMakeFiles/CMakeTmp”
Makefile:126: recipe for target 'cmTC_2badb/fast' failed
make: *** [cmTC_2badb/fast] Error 2


